<?xml version="1.0" encoding="UTF-8"?>
<!-- Generated by org.testng.reporters.JUnitXMLReporter -->
<testsuite hostname="DESKTOP-1OMSVH2" name="Test" tests="3" failures="0" timestamp="3 Jan 2020 19:34:09 GMT" time="86.082" errors="0">
  <testcase name="Navigate_Home" time="2.705" classname="Academy.LandingPage_Test"/>
  <testcase name="Navigate_SignIn" time="16.448" classname="Academy.LoginPage_Test"/>
  <testcase name="Navigate_SignIn" time="2.063" classname="Academy.LoginPage_Test"/>
</testsuite> <!-- Test -->
