<?xml version="1.0" encoding="UTF-8"?>
<!-- Generated by org.testng.reporters.JUnitXMLReporter -->
<testsuite hostname="DESKTOP-1OMSVH2" name="Test_Landing_Negative" tests="1" failures="1" timestamp="7 Jan 2020 02:31:06 GMT" time="27.324" errors="0">
  <testcase name="Navigate_Home_negtive" time="0.503" classname="Academy.Landing_Page_Negative">
    <failure type="java.lang.AssertionError" message="expected [FEATURED COURSES123] but found [FEATURED COURSES]">
      <![CDATA[java.lang.AssertionError: expected [FEATURED COURSES123] but found [FEATURED COURSES]
	at Academy.Landing_Page_Negative.Navigate_Home_negtive(Landing_Page_Negative.java:41)
... Removed 30 stack frames]]>
    </failure>
  </testcase> <!-- Navigate_Home_negtive -->
</testsuite> <!-- Test_Landing_Negative -->
