<?xml version="1.0" encoding="UTF-8"?>
<testsuite xmlns:xsi="http://www.w3.org/2001/XMLSchema-instance" xsi:noNamespaceSchemaLocation="https://maven.apache.org/surefire/maven-surefire-plugin/xsd/surefire-test-report-3.0.xsd" version="3.0" name="TestSuite" time="214.373" tests="5" errors="0" skipped="0" failures="1">
  <properties>
[...]
</properties>
  <testcase name="Navigate_Home" classname="Academy.LandingPage_Test" time="2.836"/>
  <testcase name="ValidateTitle_Home" classname="Academy.LandingPage_Test" time="0.059"/>
  <testcase name="Navigate_SignIn" classname="Academy.LoginPage_Test" time="28.536"/>
  <testcase name="Navigate_SignIn" classname="Academy.LoginPage_Test" time="8.531"/>
  <testcase name="Navigate_Home_negtive" classname="Academy.Landing_Page_Negative" time="1.22">
    <failure message="expected [FEATURED COURSES123] but found [FEATURED COURSES]" type="java.lang.AssertionError">java.lang.AssertionError: expected [FEATURED COURSES123] but found [FEATURED COURSES]
	at Academy.Landing_Page_Negative.Navigate_Home_negtive(Landing_Page_Negative.java:41)
</failure>
    <system-err><![CDATA[Starting ChromeDriver 79.0.3945.36 (3582db32b33893869b8c1339e8f4d9ed1816f143-refs/branch-heads/3945@{#614}) on port 19478
Only local connections are allowed.
Please protect ports used by ChromeDriver and related test frameworks to prevent access by malicious code.
[1578598380.180][WARNING]: Timed out connecting to Chrome, retrying...
Jan 09, 2020 1:33:02 PM org.openqa.selenium.remote.ProtocolHandshake createSession
INFO: Detected dialect: W3C
[1578598384.280][WARNING]: Timed out connecting to Chrome, retrying...
]]></system-err>
  </testcase>
</testsuite>