<?xml version="1.0" encoding="UTF-8"?>
<testng-results skipped="1" failed="0" total="1" passed="0">
  <reporter-output>
  </reporter-output>
  <suite name="Default suite" duration-ms="310" started-at="2020-01-08T20:58:02Z" finished-at="2020-01-08T20:58:02Z">
    <groups>
    </groups>
    <test name="Default test" duration-ms="310" started-at="2020-01-08T20:58:02Z" finished-at="2020-01-08T20:58:02Z">
      <class name="Academy.LandingPage_Test">
        <test-method status="FAIL" signature="intialize()[pri:0, instance:Academy.LandingPage_Test@7d3a22a9]" name="intialize" is-config="true" duration-ms="0" started-at="2020-01-08T14:58:02Z" finished-at="2020-01-08T14:58:02Z">
          <exception class="java.lang.NullPointerException">
            <full-stacktrace>
              <![CDATA[java.lang.NullPointerException
	at Academy.Base.GetDriverinfo(Base.java:34)
	at Academy.LandingPage_Test.intialize(LandingPage_Test.java:21)
	at sun.reflect.NativeMethodAccessorImpl.invoke0(Native Method)
	at sun.reflect.NativeMethodAccessorImpl.invoke(Unknown Source)
	at sun.reflect.DelegatingMethodAccessorImpl.invoke(Unknown Source)
	at java.lang.reflect.Method.invoke(Unknown Source)
	at org.testng.internal.MethodInvocationHelper.invokeMethod(MethodInvocationHelper.java:86)
	at org.testng.internal.Invoker.invokeConfigurationMethod(Invoker.java:514)
	at org.testng.internal.Invoker.invokeConfigurations(Invoker.java:215)
	at org.testng.internal.Invoker.invokeConfigurations(Invoker.java:142)
	at org.testng.TestRunner.beforeRun(TestRunner.java:656)
	at org.testng.TestRunner.run(TestRunner.java:624)
	at org.testng.SuiteRunner.runTest(SuiteRunner.java:366)
	at org.testng.SuiteRunner.runSequentially(SuiteRunner.java:361)
	at org.testng.SuiteRunner.privateRun(SuiteRunner.java:319)
	at org.testng.SuiteRunner.run(SuiteRunner.java:268)
	at org.testng.SuiteRunnerWorker.runSuite(SuiteRunnerWorker.java:52)
	at org.testng.SuiteRunnerWorker.run(SuiteRunnerWorker.java:86)
	at org.testng.TestNG.runSuitesSequentially(TestNG.java:1244)
	at org.testng.TestNG.runSuitesLocally(TestNG.java:1169)
	at org.testng.TestNG.run(TestNG.java:1064)
	at org.testng.remote.AbstractRemoteTestNG.run(AbstractRemoteTestNG.java:126)
	at org.testng.remote.RemoteTestNG.initAndRun(RemoteTestNG.java:137)
	at org.testng.remote.RemoteTestNG.main(RemoteTestNG.java:58)
]]>
            </full-stacktrace>
          </exception> <!-- java.lang.NullPointerException -->
          <reporter-output>
          </reporter-output>
        </test-method> <!-- intialize -->
        <test-method status="SKIP" signature="Navigate_Home()[pri:0, instance:Academy.LandingPage_Test@7d3a22a9]" name="Navigate_Home" duration-ms="4" started-at="2020-01-08T14:58:02Z" finished-at="2020-01-08T14:58:02Z">
          <reporter-output>
          </reporter-output>
        </test-method> <!-- Navigate_Home -->
        <test-method status="SKIP" signature="Session_Close()[pri:0, instance:Academy.LandingPage_Test@7d3a22a9]" name="Session_Close" is-config="true" duration-ms="0" started-at="2020-01-08T14:58:02Z" finished-at="2020-01-08T14:58:02Z">
          <reporter-output>
          </reporter-output>
        </test-method> <!-- Session_Close -->
      </class> <!-- Academy.LandingPage_Test -->
    </test> <!-- Default test -->
  </suite> <!-- Default suite -->
</testng-results>
